2021-09-21 22:51:46,036 INFO [main] [UserLogger.java:124]: @After(isPrint):method: findById
2021-09-21 22:51:46,059 INFO [main] [UserLogger.java:127]: @Around:(advice)method: findById
2021-09-21 22:51:46,060 INFO [main] [UserLogger.java:128]: @Around:(advice) before proceed...
2021-09-21 22:51:46,064 DEBUG [main] [User.java:27]: User INFO: created new instance
2021-09-21 22:51:46,064 INFO [main] [UserLogger.java:87]: @AfterReturning(isPrint):method: findById
2021-09-21 22:51:46,065 INFO [main] [UserLogger.java:92]: @AfterReturning:(advice)method: findById
2021-09-21 22:51:46,065 INFO [main] [UserLogger.java:93]: @AfterReturning:(advice)userId: 1111
2021-09-21 22:51:46,065 INFO [main] [UserLogger.java:107]: @After(isPrint):method: findById
2021-09-21 22:51:46,066 INFO [main] [UserLogger.java:110]: @After:(advice)method: findById
2021-09-21 22:51:46,066 INFO [main] [UserLogger.java:139]: @Around:(advice) proceed...
2021-09-21 22:51:46,066 INFO [main] [UserLogger.java:145]: @Around:(advice) after proceed...
2021-09-21 22:51:46,067 INFO [main] [UserLogger.java:124]: @After(isPrint):method: findById
2021-09-21 22:51:46,067 INFO [main] [UserLogger.java:127]: @Around:(advice)method: findById
2021-09-21 22:51:46,067 INFO [main] [UserLogger.java:128]: @Around:(advice) before proceed...
2021-09-21 22:51:46,068 DEBUG [main] [User.java:27]: User INFO: created new instance
2021-09-21 22:51:46,068 INFO [main] [UserLogger.java:87]: @AfterReturning(isPrint):method: findById
2021-09-21 22:51:46,068 INFO [main] [UserLogger.java:92]: @AfterReturning:(advice)method: findById
2021-09-21 22:51:46,068 INFO [main] [UserLogger.java:93]: @AfterReturning:(advice)userId: 20
2021-09-21 22:51:46,069 INFO [main] [UserLogger.java:107]: @After(isPrint):method: findById
2021-09-21 22:51:46,069 INFO [main] [UserLogger.java:110]: @After:(advice)method: findById
2021-09-21 22:51:46,069 INFO [main] [UserLogger.java:139]: @Around:(advice) proceed...
2021-09-21 22:51:46,069 INFO [main] [UserLogger.java:145]: @Around:(advice) after proceed...
2021-09-21 22:51:46,071 INFO [main] [UserLogger.java:127]: @Around:(advice)method: findByName
2021-09-21 22:51:46,071 INFO [main] [UserLogger.java:128]: @Around:(advice) before proceed...
2021-09-21 22:51:46,072 INFO [main] [UserLogger.java:65]: @Before:(advice)method: findByName
2021-09-21 22:51:46,072 WARN [main] [UserLogger.java:68]: @Before:(advice)method: findByName
2021-09-21 22:51:46,073 ERROR [main] [UserLogger.java:69]: @Before:(advice)method: findByName
2021-09-21 22:51:46,073 DEBUG [main] [User.java:27]: User INFO: created new instance
2021-09-21 22:51:46,074 INFO [main] [UserLogger.java:92]: @AfterReturning:(advice)method: findByName
2021-09-21 22:51:46,074 INFO [main] [UserLogger.java:93]: @AfterReturning:(advice)userId: 789
2021-09-21 22:51:46,075 INFO [main] [UserLogger.java:110]: @After:(advice)method: findByName
2021-09-21 22:51:46,076 INFO [main] [UserLogger.java:139]: @Around:(advice) proceed...
2021-09-21 22:51:46,076 INFO [main] [UserLogger.java:145]: @Around:(advice) after proceed...
2021-09-21 22:51:46,077 INFO [main] [UserService.java:21]: UserService INFO: created new instance
