2021-09-21 22:54:11,467 INFO [main] [UserLogger.java:124]: @After(isPrint):method: findById
2021-09-21 22:54:11,485 INFO [main] [UserLogger.java:127]: @Around:(advice)method: findById
2021-09-21 22:54:11,486 INFO [main] [UserLogger.java:128]: @Around:(advice) before proceed...
2021-09-21 22:54:11,492 DEBUG [main] [User.java:27]: User INFO: created new instance
2021-09-21 22:54:11,493 INFO [main] [UserLogger.java:87]: @AfterReturning(isPrint):method: findById
2021-09-21 22:54:11,494 INFO [main] [UserLogger.java:92]: @AfterReturning:(advice)method: findById
2021-09-21 22:54:11,494 INFO [main] [UserLogger.java:93]: @AfterReturning:(advice)userId: 1111
2021-09-21 22:54:11,495 INFO [main] [UserLogger.java:107]: @After(isPrint):method: findById
2021-09-21 22:54:11,495 INFO [main] [UserLogger.java:110]: @After:(advice)method: findById
2021-09-21 22:54:11,495 INFO [main] [UserLogger.java:139]: @Around:(advice) proceed...
2021-09-21 22:54:11,496 INFO [main] [UserLogger.java:145]: @Around:(advice) after proceed...
2021-09-21 22:54:11,497 INFO [main] [UserLogger.java:124]: @After(isPrint):method: findById
2021-09-21 22:54:11,498 INFO [main] [UserLogger.java:127]: @Around:(advice)method: findById
2021-09-21 22:54:11,498 INFO [main] [UserLogger.java:128]: @Around:(advice) before proceed...
2021-09-21 22:54:11,499 DEBUG [main] [User.java:27]: User INFO: created new instance
2021-09-21 22:54:11,499 INFO [main] [UserLogger.java:87]: @AfterReturning(isPrint):method: findById
2021-09-21 22:54:11,499 INFO [main] [UserLogger.java:92]: @AfterReturning:(advice)method: findById
2021-09-21 22:54:11,499 INFO [main] [UserLogger.java:93]: @AfterReturning:(advice)userId: 20
2021-09-21 22:54:11,500 INFO [main] [UserLogger.java:107]: @After(isPrint):method: findById
2021-09-21 22:54:11,500 INFO [main] [UserLogger.java:110]: @After:(advice)method: findById
2021-09-21 22:54:11,501 INFO [main] [UserLogger.java:139]: @Around:(advice) proceed...
2021-09-21 22:54:11,501 INFO [main] [UserLogger.java:145]: @Around:(advice) after proceed...
2021-09-21 22:54:11,503 INFO [main] [UserLogger.java:127]: @Around:(advice)method: findByName
2021-09-21 22:54:11,503 INFO [main] [UserLogger.java:128]: @Around:(advice) before proceed...
2021-09-21 22:54:11,505 INFO [main] [UserLogger.java:65]: @Before:(advice)method: findByName
2021-09-21 22:54:11,506 WARN [main] [UserLogger.java:68]: @Before:(advice)method: findByName
2021-09-21 22:54:11,507 ERROR [main] [UserLogger.java:69]: @Before:(advice)method: findByName
2021-09-21 22:54:11,508 DEBUG [main] [User.java:27]: User INFO: created new instance
2021-09-21 22:54:11,508 INFO [main] [UserLogger.java:92]: @AfterReturning:(advice)method: findByName
2021-09-21 22:54:11,509 INFO [main] [UserLogger.java:93]: @AfterReturning:(advice)userId: 789
2021-09-21 22:54:11,509 INFO [main] [UserLogger.java:110]: @After:(advice)method: findByName
2021-09-21 22:54:11,510 INFO [main] [UserLogger.java:139]: @Around:(advice) proceed...
2021-09-21 22:54:11,510 INFO [main] [UserLogger.java:145]: @Around:(advice) after proceed...
2021-09-21 22:54:11,511 INFO [main] [UserService.java:21]: UserService INFO: created new instance
